{"event_type": "File created", "event_time": "2024-06-16T16:52:29.938464", "file_path": "C:\\Users\\oubleti\\AppData\\Roaming\\Code\\Network\\096d0fb8-0a58-4c4e-80f9-c994fd4f0be4.tmp", "dest_path": null, "file_size": 2026, "yara_rule": null}
{"event_type": "File created", "event_time": "2024-06-16T16:52:30.045971", "file_path": "C:\\Users\\oubleti\\AppData\\Roaming\\Code\\Network\\TransportSecurity~RF8552dee.TMP", "dest_path": null, "file_size": null, "yara_rule": null}
{"event_type": "File created", "event_time": "2024-06-16T16:52:30.160202", "file_path": "C:\\Users\\oubleti\\AppData\\Roaming\\Code\\Network\\TransportSecurity~RF8552e5c.TMP", "dest_path": null, "file_size": 2026, "yara_rule": null}
{"event_type": "File created", "event_time": "2024-06-16T16:52:37.753064", "file_path": "C:\\ProgramData\\RivetNetworks\\Killer\\ActivityLog\\ActivityLog.db-journal", "dest_path": null, "file_size": null, "yara_rule": null}
{"event_type": "File created", "event_time": "2024-06-16T16:52:42.150618", "file_path": "C:\\Users\\oubleti\\AppData\\Roaming\\Code\\Network\\7dbdfd59-b11b-48ad-8b51-562f5b397db5.tmp", "dest_path": null, "file_size": 2026, "yara_rule": null}
{"event_type": "File created", "event_time": "2024-06-16T16:52:42.158970", "file_path": "C:\\Users\\oubleti\\AppData\\Roaming\\Code\\Network\\TransportSecurity~RF8555d3c.TMP", "dest_path": null, "file_size": null, "yara_rule": null}
{"event_type": "File created", "event_time": "2024-06-16T16:52:49.645271", "file_path": "C:\\Users\\oubleti\\AppData\\Roaming\\Code\\User\\globalStorage\\state.vscdb-journal", "dest_path": null, "file_size": 4612, "yara_rule": null}
{"event_type": "File created", "event_time": "2024-06-16T16:52:54.415742", "file_path": "C:\\Users\\oubleti\\AppData\\Roaming\\Code\\Network\\f3613b85-c639-48d3-8f1f-4a3e0f365d5b.tmp", "dest_path": null, "file_size": 2025, "yara_rule": null}
{"event_type": "File created", "event_time": "2024-06-16T16:52:54.425545", "file_path": "C:\\Users\\oubleti\\AppData\\Roaming\\Code\\Network\\TransportSecurity~RF8558d25.TMP", "dest_path": null, "file_size": null, "yara_rule": null}
{"event_type": "File created", "event_time": "2024-06-16T16:52:54.459164", "file_path": "C:\\Users\\oubleti\\Desktop\\FUSION\\logs\\file_created.log", "dest_path": null, "file_size": 0, "yara_rule": null}
{"event_type": "File created", "event_time": "2024-06-16T16:55:14.571918", "file_path": "C:\\Users\\oubleti\\AppData\\Roaming\\Code\\Network\\c913f636-714e-405c-835b-c9c8fbe9381d.tmp", "dest_path": null, "file_size": 0, "yara_rule": null}
{"event_type": "File created", "event_time": "2024-06-16T16:55:14.586059", "file_path": "C:\\Users\\oubleti\\AppData\\Roaming\\Code\\Network\\TransportSecurity~RF857b0a2.TMP", "dest_path": null, "file_size": null, "yara_rule": null}
{"event_type": "File created", "event_time": "2024-06-16T16:55:19.678101", "file_path": "C:\\Users\\oubleti\\AppData\\Roaming\\Code\\User\\globalStorage\\state.vscdb-journal", "dest_path": null, "file_size": 16932, "yara_rule": null}
{"event_type": "File created", "event_time": "2024-06-16T16:55:26.747523", "file_path": "C:\\Users\\oubleti\\AppData\\Roaming\\Code\\Network\\434f374b-6630-49cc-a58d-1bcd12f53461.tmp", "dest_path": null, "file_size": 2026, "yara_rule": null}
{"event_type": "File created", "event_time": "2024-06-16T16:55:26.756559", "file_path": "C:\\Users\\oubleti\\AppData\\Roaming\\Code\\Network\\TransportSecurity~RF857e02e.TMP", "dest_path": null, "file_size": null, "yara_rule": null}
{"event_type": "File created", "event_time": "2024-06-16T16:55:38.180391", "file_path": "C:\\ProgramData\\RivetNetworks\\Killer\\ActivityLog\\ActivityLog.db-journal", "dest_path": null, "file_size": null, "yara_rule": null}
{"event_type": "File created", "event_time": "2024-06-16T16:55:39.008807", "file_path": "C:\\Users\\oubleti\\AppData\\Roaming\\Code\\Network\\dde460a2-50ce-464a-96cb-ae6331305996.tmp", "dest_path": null, "file_size": 0, "yara_rule": null}
{"event_type": "File created", "event_time": "2024-06-16T16:55:39.025238", "file_path": "C:\\Users\\oubleti\\AppData\\Roaming\\Code\\Network\\TransportSecurity~RF8581017.TMP", "dest_path": null, "file_size": null, "yara_rule": null}
{"event_type": "File created", "event_time": "2024-06-16T16:55:51.267543", "file_path": "C:\\Users\\oubleti\\AppData\\Roaming\\Code\\Network\\2d64414f-2d1c-46f0-b162-bcc679af4b8a.tmp", "dest_path": null, "file_size": 0, "yara_rule": null}
{"event_type": "File created", "event_time": "2024-06-16T16:55:51.272540", "file_path": "C:\\Users\\oubleti\\AppData\\Roaming\\Code\\Network\\TransportSecurity~RF8583ff1.TMP", "dest_path": null, "file_size": 2025, "yara_rule": null}
