Scanning partitions...
Scanning C:\...
Total directories: 34540
JSON saved at c:\Users\leadm\Desktop\yaradog\monitoring\json\paths.json
Starting monitoring for changes...
Attention: File modified in: "C:\ProgramData\ASUS\ASUS System Control Interface\AsusSoftwareManager\Abi\BI.bidb"
WARNING: File with a configured extension modified in: "C:\Windows\explorer.exe"
Attention: File modified in: "C:\ProgramData\Microsoft\Windows\AppRepository\Packages\Microsoft.AAD.BrokerPlugin_1000.19580.1000.0_neutral_neutral_cw5n1h2txyewy\ActivationStore.dat"
WARNING: File with a configured extension modified in: "C:\Users\leadm\Downloads\Firefox Installer.exe"
WARNING: File with a configured extension modified in: "C:\Users\leadm\Downloads\Git-2.45.2-64-bit.exe"
WARNING: File with a configured extension modified in: "C:\Users\leadm\Downloads\python-3.12.4-amd64.exe"
WARNING: File with a configured extension modified in: "C:\Users\leadm\Downloads\VSCodeUserSetup-x64-1.90.2.exe"
Attention: File created in: "C:\Users\leadm\Downloads\Nuevo Documento de texto.txt"
Attention: File modified in: "C:\Users\leadm\Downloads"
Attention: File created in: "C:\$Recycle.Bin\S-1-5-21-3841746203-3075526521-81161033-1001\$IA2LKL7.txt"
Attention: File modified in: "C:\$Recycle.Bin\S-1-5-21-3841746203-3075526521-81161033-1001\$IA2LKL7.txt"
Attention: File modified in: "C:\$Recycle.Bin\S-1-5-21-3841746203-3075526521-81161033-1001"
Attention: File deleted in: "C:\Users\leadm\Downloads\Nuevo Documento de texto.txt"
Attention: File created in: "C:\$Recycle.Bin\S-1-5-21-3841746203-3075526521-81161033-1001\$RA2LKL7.txt"
Attention: File modified in: "C:\$Recycle.Bin\S-1-5-21-3841746203-3075526521-81161033-1001\$RA2LKL7.txt"
Attention: File modified in: "C:\Windows\ServiceState\EventLog\Data\lastalive0.dat"
